<?xml version="1.0" encoding="UTF-8"?>
<!-- Generated by org.testng.reporters.JUnitReportReporter -->
<testsuite hostname="SadakarP" failures="0" tests="1" name="com.sadakar.testng.runner.RunCucumberTest" time="9.479" errors="0" timestamp="2022-09-07T23:50:21 IST" skipped="0">
  <testcase classname="com.sadakar.testng.runner.RunCucumberTest" name="runScenario" time="9.479"/>
  <system-out/>
</testsuite> <!-- com.sadakar.testng.runner.RunCucumberTest -->
